[0m11:27:39.129168 [debug] [MainThread]: Sending event: {'category': 'dbt', 'action': 'invocation', 'label': 'start', 'context': [<snowplow_tracker.self_describing_json.SelfDescribingJson object at 0x729188b5f190>, <snowplow_tracker.self_describing_json.SelfDescribingJson object at 0x729188832350>, <snowplow_tracker.self_describing_json.SelfDescribingJson object at 0x729188831090>]}


============================== 11:27:39.137305 | 1b457342-132b-40d9-9d72-714321c270f4 ==============================
[0m11:27:39.137305 [info ] [MainThread]: Running with dbt=1.10.9
[0m11:27:39.138804 [debug] [MainThread]: running dbt with arguments {'warn_error': 'None', 'invocation_command': 'dbt init my_test_dbt', 'debug': 'False', 'indirect_selection': 'eager', 'log_cache_events': 'False', 'use_experimental_parser': 'False', 'quiet': 'False', 'static_parser': 'True', 'introspect': 'True', 'version_check': 'True', 'fail_fast': 'False', 'write_json': 'True', 'log_path': 'logs', 'log_format': 'default', 'profiles_dir': '/home/s_sofian/.dbt', 'empty': 'None', 'send_anonymous_usage_stats': 'True', 'warn_error_options': 'WarnErrorOptionsV2(error=[], warn=[], silence=[])', 'use_colors': 'True', 'no_print': 'None', 'target_path': 'None', 'cache_selected_only': 'False', 'partial_parse': 'True', 'printer_width': '80'}
[0m11:27:39.198652 [info ] [MainThread]: Creating dbt configuration folder at /home/s_sofian/.dbt
[0m11:27:39.218692 [debug] [MainThread]: Starter project path: /home/s_sofian/miniconda3/envs/elt/lib/python3.11/site-packages/dbt/include/starter_project
[0m11:27:39.254937 [info ] [MainThread]: 
Your new dbt project "my_test_dbt" was created!

For more information on how to configure the profiles.yml file,
please consult the dbt documentation here:

  https://docs.getdbt.com/docs/configure-your-profile

One more thing:

Need help? Don't hesitate to reach out to us via GitHub issues or on Slack:

  https://community.getdbt.com/

Happy modeling!

[0m11:27:39.256279 [info ] [MainThread]: Setting up your profile.
[0m11:34:16.891386 [info ] [MainThread]: Profile my_test_dbt written to /home/s_sofian/.dbt/profiles.yml using target's profile_template.yml and your supplied values. Run 'dbt debug' to validate the connection.
[0m11:34:16.894530 [debug] [MainThread]: Resource report: {"command_name": "init", "command_success": true, "command_wall_clock_time": 404.8728, "process_in_blocks": "420368", "process_kernel_time": 15.653842, "process_mem_max_rss": "368884", "process_out_blocks": "104", "process_user_time": 13.269882}
[0m11:34:16.896247 [debug] [MainThread]: Command `dbt init` succeeded at 11:34:16.895907 after 404.88 seconds
[0m11:34:16.897396 [debug] [MainThread]: Sending event: {'category': 'dbt', 'action': 'invocation', 'label': 'end', 'context': [<snowplow_tracker.self_describing_json.SelfDescribingJson object at 0x729188a729d0>, <snowplow_tracker.self_describing_json.SelfDescribingJson object at 0x72918cf924d0>, <snowplow_tracker.self_describing_json.SelfDescribingJson object at 0x72918cdec250>]}
[0m11:34:16.898791 [debug] [MainThread]: Flushing usage events
[0m11:34:18.390642 [debug] [MainThread]: An error was encountered while trying to flush usage events
[0m11:42:37.833836 [debug] [MainThread]: Sending event: {'category': 'dbt', 'action': 'invocation', 'label': 'start', 'context': [<snowplow_tracker.self_describing_json.SelfDescribingJson object at 0x7ac68b899550>, <snowplow_tracker.self_describing_json.SelfDescribingJson object at 0x7ac68b8a8e90>, <snowplow_tracker.self_describing_json.SelfDescribingJson object at 0x7ac68b8a8c10>]}


============================== 11:42:37.845561 | 89a8bd53-cf01-4ebc-a5de-0aa948ee6212 ==============================
[0m11:42:37.845561 [info ] [MainThread]: Running with dbt=1.10.9
[0m11:42:37.847205 [debug] [MainThread]: running dbt with arguments {'quiet': 'False', 'version_check': 'True', 'empty': 'None', 'fail_fast': 'False', 'log_path': 'logs', 'static_parser': 'True', 'no_print': 'None', 'invocation_command': 'dbt debug', 'send_anonymous_usage_stats': 'True', 'partial_parse': 'True', 'cache_selected_only': 'False', 'write_json': 'True', 'log_cache_events': 'False', 'target_path': 'None', 'use_colors': 'True', 'debug': 'False', 'warn_error': 'None', 'profiles_dir': '/home/s_sofian/.dbt', 'warn_error_options': 'WarnErrorOptionsV2(error=[], warn=[], silence=[])', 'use_experimental_parser': 'False', 'printer_width': '80', 'log_format': 'default', 'introspect': 'True', 'indirect_selection': 'eager'}
[0m11:42:37.891273 [info ] [MainThread]: dbt version: 1.10.9
[0m11:42:37.892736 [info ] [MainThread]: python version: 3.11.14
[0m11:42:37.895896 [info ] [MainThread]: python path: /home/s_sofian/miniconda3/envs/elt/bin/python
[0m11:42:37.898461 [info ] [MainThread]: os info: Linux-6.6.87.2-microsoft-standard-WSL2-x86_64-with-glibc2.39
[0m11:43:01.631389 [info ] [MainThread]: Using profiles dir at /home/s_sofian/.dbt
[0m11:43:01.632235 [info ] [MainThread]: Using profiles.yml file at /home/s_sofian/.dbt/profiles.yml
[0m11:43:01.633089 [info ] [MainThread]: Using dbt_project.yml file at /home/s_sofian/dsai/module_02/dsai-m2-5m-data-2.5-data-warehouse/dbt_project.yml
[0m11:43:01.633774 [info ] [MainThread]: adapter type: bigquery
[0m11:43:01.634522 [info ] [MainThread]: adapter version: 1.10.3
[0m11:43:01.635394 [info ] [MainThread]: Configuration:
[0m11:43:01.636304 [info ] [MainThread]:   profiles.yml file [[32mOK found and valid[0m]
[0m11:43:01.637051 [info ] [MainThread]:   dbt_project.yml file [[31mERROR not found[0m]
[0m11:43:01.638086 [info ] [MainThread]: Required dependencies:
[0m11:43:01.640182 [debug] [MainThread]: Executing "git --help"
[0m11:43:01.657857 [debug] [MainThread]: STDOUT: "b"usage: git [-v | --version] [-h | --help] [-C <path>] [-c <name>=<value>]\n           [--exec-path[=<path>]] [--html-path] [--man-path] [--info-path]\n           [-p | --paginate | -P | --no-pager] [--no-replace-objects] [--bare]\n           [--git-dir=<path>] [--work-tree=<path>] [--namespace=<name>]\n           [--config-env=<name>=<envvar>] <command> [<args>]\n\nThese are common Git commands used in various situations:\n\nstart a working area (see also: git help tutorial)\n   clone     Clone a repository into a new directory\n   init      Create an empty Git repository or reinitialize an existing one\n\nwork on the current change (see also: git help everyday)\n   add       Add file contents to the index\n   mv        Move or rename a file, a directory, or a symlink\n   restore   Restore working tree files\n   rm        Remove files from the working tree and from the index\n\nexamine the history and state (see also: git help revisions)\n   bisect    Use binary search to find the commit that introduced a bug\n   diff      Show changes between commits, commit and working tree, etc\n   grep      Print lines matching a pattern\n   log       Show commit logs\n   show      Show various types of objects\n   status    Show the working tree status\n\ngrow, mark and tweak your common history\n   branch    List, create, or delete branches\n   commit    Record changes to the repository\n   merge     Join two or more development histories together\n   rebase    Reapply commits on top of another base tip\n   reset     Reset current HEAD to the specified state\n   switch    Switch branches\n   tag       Create, list, delete or verify a tag object signed with GPG\n\ncollaborate (see also: git help workflows)\n   fetch     Download objects and refs from another repository\n   pull      Fetch from and integrate with another repository or a local branch\n   push      Update remote refs along with associated objects\n\n'git help -a' and 'git help -g' list available subcommands and some\nconcept guides. See 'git help <command>' or 'git help <concept>'\nto read about a specific subcommand or concept.\nSee 'git help git' for an overview of the system.\n""
[0m11:43:01.659386 [debug] [MainThread]: STDERR: "b''"
[0m11:43:01.660606 [info ] [MainThread]:  - git [[32mOK found[0m]

[0m11:43:01.662000 [info ] [MainThread]: Connection:
[0m11:43:01.663411 [info ] [MainThread]:   method: oauth
[0m11:43:01.664794 [info ] [MainThread]:   database: project-93ce72dd-0a39-4d93-bf5
[0m11:43:01.665642 [info ] [MainThread]:   execution_project: project-93ce72dd-0a39-4d93-bf5
[0m11:43:01.666764 [info ] [MainThread]:   schema: test_m2_coach
[0m11:43:01.669040 [info ] [MainThread]:   location: US
[0m11:43:01.672006 [info ] [MainThread]:   priority: interactive
[0m11:43:01.673630 [info ] [MainThread]:   maximum_bytes_billed: None
[0m11:43:01.674671 [info ] [MainThread]:   impersonate_service_account: None
[0m11:43:01.675918 [info ] [MainThread]:   job_retry_deadline_seconds: None
[0m11:43:01.677066 [info ] [MainThread]:   job_retries: 1
[0m11:43:01.678572 [info ] [MainThread]:   job_creation_timeout_seconds: None
[0m11:43:01.680161 [info ] [MainThread]:   job_execution_timeout_seconds: 300
[0m11:43:01.681597 [info ] [MainThread]:   timeout_seconds: 300
[0m11:43:01.682998 [info ] [MainThread]:   client_id: None
[0m11:43:01.685363 [info ] [MainThread]:   token_uri: None
[0m11:43:01.693976 [info ] [MainThread]:   compute_region: None
[0m11:43:01.695456 [info ] [MainThread]:   dataproc_cluster_name: None
[0m11:43:01.697091 [info ] [MainThread]:   gcs_bucket: None
[0m11:43:01.698420 [info ] [MainThread]:   dataproc_batch: None
[0m11:43:01.699587 [info ] [MainThread]: Registered adapter: bigquery=1.10.3
[0m11:43:02.117009 [debug] [MainThread]: Acquiring new bigquery connection 'debug'
[0m11:43:02.117843 [debug] [MainThread]: On debug: select 1 as id
[0m11:43:02.118590 [debug] [MainThread]: Opening a new connection, currently in state init
[0m11:43:04.953662 [debug] [MainThread]: BigQuery adapter: https://console.cloud.google.com/bigquery?project=project-93ce72dd-0a39-4d93-bf5&j=bq:US:5a2da1b6-26a4-4720-a3d7-84f9e11ba283&page=queryresults
[0m11:43:06.025385 [info ] [MainThread]:   Connection test: [[32mOK connection ok[0m]

[0m11:43:06.026211 [info ] [MainThread]: [31m1 check failed:[0m
[0m11:43:06.027216 [info ] [MainThread]: Project loading failed for the following reason:
 project path </home/s_sofian/dsai/module_02/dsai-m2-5m-data-2.5-data-warehouse/dbt_project.yml> not found

[0m11:43:06.028703 [debug] [MainThread]: Resource report: {"command_name": "debug", "command_success": false, "command_wall_clock_time": 28.92978, "process_in_blocks": "66152", "process_kernel_time": 15.014293, "process_mem_max_rss": "375288", "process_out_blocks": "32", "process_user_time": 13.443237}
[0m11:43:06.029875 [debug] [MainThread]: Command `dbt debug` failed at 11:43:06.029593 after 28.93 seconds
[0m11:43:06.030648 [debug] [MainThread]: Connection 'debug' was properly closed.
[0m11:43:06.031504 [debug] [MainThread]: Sending event: {'category': 'dbt', 'action': 'invocation', 'label': 'end', 'context': [<snowplow_tracker.self_describing_json.SelfDescribingJson object at 0x7ac68b858650>, <snowplow_tracker.self_describing_json.SelfDescribingJson object at 0x7ac69004e3d0>, <snowplow_tracker.self_describing_json.SelfDescribingJson object at 0x7ac6345ace10>]}
[0m11:43:06.032539 [debug] [MainThread]: Flushing usage events
[0m11:43:07.517787 [debug] [MainThread]: An error was encountered while trying to flush usage events
